Performing C SOURCE FILE Test CMAKE_HAVE_LIBC_PTHREAD failed with the following output:
Change Dir: /home/mike/catkin_ws/src/cpe631_final_with_nav/cmake-build-debug/CMakeFiles/CMakeTmp

Run Build Command(s):/usr/bin/make cmTC_d3dbd/fast && /usr/bin/make -f CMakeFiles/cmTC_d3dbd.dir/build.make CMakeFiles/cmTC_d3dbd.dir/build
make[1]: Entering directory '/home/mike/catkin_ws/src/cpe631_final_with_nav/cmake-build-debug/CMakeFiles/CMakeTmp'
Building C object CMakeFiles/cmTC_d3dbd.dir/src.c.o
/usr/bin/cc   -DCMAKE_HAVE_LIBC_PTHREAD   -o CMakeFiles/cmTC_d3dbd.dir/src.c.o   -c /home/mike/catkin_ws/src/cpe631_final_with_nav/cmake-build-debug/CMakeFiles/CMakeTmp/src.c
Linking C executable cmTC_d3dbd
/home/mike/.local/share/JetBrains/Toolbox/apps/CLion/ch-0/193.6911.21/bin/cmake/linux/bin/cmake -E cmake_link_script CMakeFiles/cmTC_d3dbd.dir/link.txt --verbose=1
/usr/bin/cc  -DCMAKE_HAVE_LIBC_PTHREAD    -rdynamic CMakeFiles/cmTC_d3dbd.dir/src.c.o  -o cmTC_d3dbd 
CMakeFiles/cmTC_d3dbd.dir/src.c.o: In function `main':
src.c:(.text+0x3c): undefined reference to `pthread_create'
src.c:(.text+0x48): undefined reference to `pthread_detach'
src.c:(.text+0x59): undefined reference to `pthread_join'
src.c:(.text+0x6d): undefined reference to `pthread_atfork'
collect2: error: ld returned 1 exit status
CMakeFiles/cmTC_d3dbd.dir/build.make:86: recipe for target 'cmTC_d3dbd' failed
make[1]: *** [cmTC_d3dbd] Error 1
make[1]: Leaving directory '/home/mike/catkin_ws/src/cpe631_final_with_nav/cmake-build-debug/CMakeFiles/CMakeTmp'
Makefile:121: recipe for target 'cmTC_d3dbd/fast' failed
make: *** [cmTC_d3dbd/fast] Error 2


Source file was:
#include <pthread.h>

void* test_func(void* data)
{
  return data;
}

int main(void)
{
  pthread_t thread;
  pthread_create(&thread, NULL, test_func, NULL);
  pthread_detach(thread);
  pthread_join(thread, NULL);
  pthread_atfork(NULL, NULL, NULL);
  pthread_exit(NULL);

  return 0;
}

Determining if the function pthread_create exists in the pthreads failed with the following output:
Change Dir: /home/mike/catkin_ws/src/cpe631_final_with_nav/cmake-build-debug/CMakeFiles/CMakeTmp

Run Build Command(s):/usr/bin/make cmTC_8a302/fast && /usr/bin/make -f CMakeFiles/cmTC_8a302.dir/build.make CMakeFiles/cmTC_8a302.dir/build
make[1]: Entering directory '/home/mike/catkin_ws/src/cpe631_final_with_nav/cmake-build-debug/CMakeFiles/CMakeTmp'
Building C object CMakeFiles/cmTC_8a302.dir/CheckFunctionExists.c.o
/usr/bin/cc   -DCHECK_FUNCTION_EXISTS=pthread_create   -o CMakeFiles/cmTC_8a302.dir/CheckFunctionExists.c.o   -c /home/mike/.local/share/JetBrains/Toolbox/apps/CLion/ch-0/193.6911.21/bin/cmake/linux/share/cmake-3.15/Modules/CheckFunctionExists.c
Linking C executable cmTC_8a302
/home/mike/.local/share/JetBrains/Toolbox/apps/CLion/ch-0/193.6911.21/bin/cmake/linux/bin/cmake -E cmake_link_script CMakeFiles/cmTC_8a302.dir/link.txt --verbose=1
/usr/bin/cc  -DCHECK_FUNCTION_EXISTS=pthread_create    -rdynamic CMakeFiles/cmTC_8a302.dir/CheckFunctionExists.c.o  -o cmTC_8a302 -lpthreads 
/usr/bin/ld: cannot find -lpthreads
collect2: error: ld returned 1 exit status
CMakeFiles/cmTC_8a302.dir/build.make:86: recipe for target 'cmTC_8a302' failed
make[1]: *** [cmTC_8a302] Error 1
make[1]: Leaving directory '/home/mike/catkin_ws/src/cpe631_final_with_nav/cmake-build-debug/CMakeFiles/CMakeTmp'
Makefile:121: recipe for target 'cmTC_8a302/fast' failed
make: *** [cmTC_8a302/fast] Error 2



